<?xml version="1.0" encoding="UTF-8"?>
<!-- Generated by org.testng.reporters.JUnitXMLReporter -->
<testsuite ignored="0" hostname="DESKTOP-50A2D6B" failures="0" tests="6" name="Default test" time="20.04" errors="0" timestamp="2025-09-06T13:10:11 IST">
  <testcase classname="com.winvinaya.playwrite.test.WinVinayaTests" name="HomePage" time="2.833"/>
  <testcase classname="com.winvinaya.playwrite.test.WinVinayaTests" name="AboutPage" time="1.287"/>
  <testcase classname="com.winvinaya.playwrite.test.WinVinayaTests" name="NewslettersPage" time="1.637"/>
  <testcase classname="com.winvinaya.playwrite.test.WinVinayaTests" name="BlogsPage" time="1.37"/>
  <testcase classname="com.winvinaya.playwrite.test.WinVinayaTests" name="eBooksPage" time="3.255"/>
  <testcase classname="com.winvinaya.playwrite.test.WinVinayaTests" name="ContactUsPage" time="1.793"/>
</testsuite> <!-- Default test -->
