<?xml version="1.0" encoding="UTF-8"?>
<!-- Generated by org.testng.reporters.JUnitXMLReporter -->
<testsuite ignored="0" hostname="DESKTOP-50A2D6B" failures="0" tests="6" name="Test" time="17.408" errors="0" timestamp="2025-09-06T13:53:08 IST">
  <testcase classname="com.winvinaya.playwrite.test.WinVinayaTests" name="HomePage" time="2.298"/>
  <testcase classname="com.winvinaya.playwrite.test.WinVinayaTests" name="AboutPage" time="1.288"/>
  <testcase classname="com.winvinaya.playwrite.test.WinVinayaTests" name="NewslettersPage" time="1.245"/>
  <testcase classname="com.winvinaya.playwrite.test.WinVinayaTests" name="BlogsPage" time="1.291"/>
  <testcase classname="com.winvinaya.playwrite.test.WinVinayaTests" name="eBooksPage" time="2.437"/>
  <testcase classname="com.winvinaya.playwrite.test.WinVinayaTests" name="ContactUsPage" time="1.256"/>
</testsuite> <!-- Test -->
