<?xml version="1.0" encoding="UTF-8"?>
<testng-results ignored="0" total="6" passed="6" failed="0" skipped="0">
  <reporter-output>
  </reporter-output>
  <suite started-at="2025-09-06T13:52:50 IST" name="Suite" finished-at="2025-09-06T13:53:08 IST" duration-ms="17408">
    <groups>
      <group name="PlayWright">
        <method signature="WinVinayaTests.HomePage()[pri:1, instance:com.winvinaya.playwrite.test.WinVinayaTests@16d04d3d]" name="HomePage" class="com.winvinaya.playwrite.test.WinVinayaTests"/>
        <method signature="WinVinayaTests.AboutPage()[pri:2, instance:com.winvinaya.playwrite.test.WinVinayaTests@16d04d3d]" name="AboutPage" class="com.winvinaya.playwrite.test.WinVinayaTests"/>
        <method signature="WinVinayaTests.NewslettersPage()[pri:3, instance:com.winvinaya.playwrite.test.WinVinayaTests@16d04d3d]" name="NewslettersPage" class="com.winvinaya.playwrite.test.WinVinayaTests"/>
        <method signature="WinVinayaTests.BlogsPage()[pri:4, instance:com.winvinaya.playwrite.test.WinVinayaTests@16d04d3d]" name="BlogsPage" class="com.winvinaya.playwrite.test.WinVinayaTests"/>
        <method signature="WinVinayaTests.eBooksPage()[pri:5, instance:com.winvinaya.playwrite.test.WinVinayaTests@16d04d3d]" name="eBooksPage" class="com.winvinaya.playwrite.test.WinVinayaTests"/>
        <method signature="WinVinayaTests.ContactUsPage()[pri:6, instance:com.winvinaya.playwrite.test.WinVinayaTests@16d04d3d]" name="ContactUsPage" class="com.winvinaya.playwrite.test.WinVinayaTests"/>
      </group> <!-- PlayWright -->
    </groups>
    <test started-at="2025-09-06T13:52:50 IST" name="Test" finished-at="2025-09-06T13:53:08 IST" duration-ms="17408">
      <class name="com.winvinaya.playwrite.test.WinVinayaTests">
        <test-method is-config="true" signature="setup()[pri:0, instance:com.winvinaya.playwrite.test.WinVinayaTests@16d04d3d]" started-at="2025-09-06T13:52:50 IST" name="setup" finished-at="2025-09-06T13:52:57 IST" duration-ms="7070" status="PASS">
          <reporter-output>
          </reporter-output>
        </test-method> <!-- setup -->
        <test-method signature="HomePage()[pri:1, instance:com.winvinaya.playwrite.test.WinVinayaTests@16d04d3d]" started-at="2025-09-06T13:52:57 IST" name="HomePage" finished-at="2025-09-06T13:53:00 IST" duration-ms="2298" status="PASS">
          <reporter-output>
          </reporter-output>
        </test-method> <!-- HomePage -->
        <test-method signature="AboutPage()[pri:2, instance:com.winvinaya.playwrite.test.WinVinayaTests@16d04d3d]" started-at="2025-09-06T13:53:00 IST" name="AboutPage" finished-at="2025-09-06T13:53:01 IST" duration-ms="1288" status="PASS">
          <reporter-output>
          </reporter-output>
        </test-method> <!-- AboutPage -->
        <test-method signature="NewslettersPage()[pri:3, instance:com.winvinaya.playwrite.test.WinVinayaTests@16d04d3d]" started-at="2025-09-06T13:53:01 IST" name="NewslettersPage" finished-at="2025-09-06T13:53:02 IST" duration-ms="1245" status="PASS">
          <reporter-output>
          </reporter-output>
        </test-method> <!-- NewslettersPage -->
        <test-method signature="BlogsPage()[pri:4, instance:com.winvinaya.playwrite.test.WinVinayaTests@16d04d3d]" started-at="2025-09-06T13:53:02 IST" name="BlogsPage" finished-at="2025-09-06T13:53:03 IST" duration-ms="1291" status="PASS">
          <reporter-output>
          </reporter-output>
        </test-method> <!-- BlogsPage -->
        <test-method signature="eBooksPage()[pri:5, instance:com.winvinaya.playwrite.test.WinVinayaTests@16d04d3d]" started-at="2025-09-06T13:53:03 IST" name="eBooksPage" finished-at="2025-09-06T13:53:06 IST" duration-ms="2437" status="PASS">
          <reporter-output>
          </reporter-output>
        </test-method> <!-- eBooksPage -->
        <test-method signature="ContactUsPage()[pri:6, instance:com.winvinaya.playwrite.test.WinVinayaTests@16d04d3d]" started-at="2025-09-06T13:53:06 IST" name="ContactUsPage" finished-at="2025-09-06T13:53:07 IST" duration-ms="1256" status="PASS">
          <reporter-output>
          </reporter-output>
        </test-method> <!-- ContactUsPage -->
        <test-method is-config="true" signature="teardown()[pri:0, instance:com.winvinaya.playwrite.test.WinVinayaTests@16d04d3d]" started-at="2025-09-06T13:53:07 IST" name="teardown" finished-at="2025-09-06T13:53:08 IST" duration-ms="473" status="PASS">
          <reporter-output>
          </reporter-output>
        </test-method> <!-- teardown -->
      </class> <!-- com.winvinaya.playwrite.test.WinVinayaTests -->
    </test> <!-- Test -->
  </suite> <!-- Suite -->
</testng-results>
